Base path: C:/Program Files/Unity/Editor/Data
Cmd: initializeCompiler
Cmd: compileComputeKernel
  api=4 insize=5188 outsize=5373 ok=1
Cmd: compileComputeKernel
  api=4 insize=2444 outsize=2505 ok=1
Cmd: compileComputeKernel
  api=4 insize=9421 outsize=8489 ok=1
Cmd: compileComputeKernel
  api=4 insize=5591 outsize=6421 ok=1
Cmd: compileComputeKernel
  api=4 insize=2953 outsize=1305 ok=1
Cmd: compileComputeKernel
  api=4 insize=1864 outsize=1365 ok=1
Cmd: initializeCompiler
Cmd: compileComputeKernel
  api=4 insize=1957 outsize=529 ok=1
Cmd: initializeCompiler
Unhandled exception: Protocol error - unexpected end of data (did the Editor crash?)

Quitting shader compiler process
